<?xml version="1.0" encoding="UTF-8"?>
<testsuite name="com.side.first_side.controller.board.PostControllerTest" tests="1" skipped="0" failures="0" errors="0" timestamp="2022-12-13T05:00:42" hostname="DESKTOP-RASBGPA" time="0.823">
  <properties/>
  <testcase name="�� ������ ��ȸ" classname="com.side.first_side.controller.board.PostControllerTest" time="0.823"/>
  <system-out><![CDATA[14:00:36.671 [Test worker] DEBUG org.springframework.test.context.BootstrapUtils - Instantiating CacheAwareContextLoaderDelegate from class [org.springframework.test.context.cache.DefaultCacheAwareContextLoaderDelegate]
14:00:36.685 [Test worker] DEBUG org.springframework.test.context.BootstrapUtils - Instantiating BootstrapContext using constructor [public org.springframework.test.context.support.DefaultBootstrapContext(java.lang.Class,org.springframework.test.context.CacheAwareContextLoaderDelegate)]
14:00:36.732 [Test worker] DEBUG org.springframework.test.context.BootstrapUtils - Instantiating TestContextBootstrapper for test class [com.side.first_side.controller.board.PostControllerTest] from class [org.springframework.boot.test.context.SpringBootTestContextBootstrapper]
14:00:36.750 [Test worker] INFO org.springframework.boot.test.context.SpringBootTestContextBootstrapper - Neither @ContextConfiguration nor @ContextHierarchy found for test class [com.side.first_side.controller.board.PostControllerTest], using SpringBootContextLoader
14:00:36.756 [Test worker] DEBUG org.springframework.test.context.support.AbstractContextLoader - Did not detect default resource location for test class [com.side.first_side.controller.board.PostControllerTest]: class path resource [com/side/first_side/controller/board/PostControllerTest-context.xml] does not exist
14:00:36.757 [Test worker] DEBUG org.springframework.test.context.support.AbstractContextLoader - Did not detect default resource location for test class [com.side.first_side.controller.board.PostControllerTest]: class path resource [com/side/first_side/controller/board/PostControllerTestContext.groovy] does not exist
14:00:36.757 [Test worker] INFO org.springframework.test.context.support.AbstractContextLoader - Could not detect default resource locations for test class [com.side.first_side.controller.board.PostControllerTest]: no resource found for suffixes {-context.xml, Context.groovy}.
14:00:36.758 [Test worker] INFO org.springframework.test.context.support.AnnotationConfigContextLoaderUtils - Could not detect default configuration classes for test class [com.side.first_side.controller.board.PostControllerTest]: PostControllerTest does not declare any static, non-private, non-final, nested classes annotated with @Configuration.
14:00:36.832 [Test worker] DEBUG org.springframework.test.context.support.ActiveProfilesUtils - Could not find an 'annotation declaring class' for annotation type [org.springframework.test.context.ActiveProfiles] and class [com.side.first_side.controller.board.PostControllerTest]
14:00:36.895 [Test worker] DEBUG org.springframework.context.annotation.ClassPathScanningCandidateComponentProvider - Identified candidate component class: file [C:\sideProejct\first-side\build\classes\java\main\com\side\first_side\FirstSideApplication.class]
14:00:36.897 [Test worker] INFO org.springframework.boot.test.context.SpringBootTestContextBootstrapper - Found @SpringBootConfiguration com.side.first_side.FirstSideApplication for test class com.side.first_side.controller.board.PostControllerTest
14:00:37.031 [Test worker] DEBUG org.springframework.boot.test.context.SpringBootTestContextBootstrapper - @TestExecutionListeners is not present for class [com.side.first_side.controller.board.PostControllerTest]: using defaults.
14:00:37.031 [Test worker] INFO org.springframework.boot.test.context.SpringBootTestContextBootstrapper - Loaded default TestExecutionListener class names from location [META-INF/spring.factories]: [org.springframework.boot.test.autoconfigure.restdocs.RestDocsTestExecutionListener, org.springframework.boot.test.autoconfigure.web.client.MockRestServiceServerResetTestExecutionListener, org.springframework.boot.test.autoconfigure.web.servlet.MockMvcPrintOnlyOnFailureTestExecutionListener, org.springframework.boot.test.autoconfigure.web.servlet.WebDriverTestExecutionListener, org.springframework.boot.test.autoconfigure.webservices.client.MockWebServiceServerTestExecutionListener, org.springframework.boot.test.mock.mockito.MockitoTestExecutionListener, org.springframework.boot.test.mock.mockito.ResetMocksTestExecutionListener, org.springframework.test.context.web.ServletTestExecutionListener, org.springframework.test.context.support.DirtiesContextBeforeModesTestExecutionListener, org.springframework.test.context.event.ApplicationEventsTestExecutionListener, org.springframework.test.context.support.DependencyInjectionTestExecutionListener, org.springframework.test.context.support.DirtiesContextTestExecutionListener, org.springframework.test.context.transaction.TransactionalTestExecutionListener, org.springframework.test.context.jdbc.SqlScriptsTestExecutionListener, org.springframework.test.context.event.EventPublishingTestExecutionListener]
14:00:37.054 [Test worker] INFO org.springframework.boot.test.context.SpringBootTestContextBootstrapper - Using TestExecutionListeners: [org.springframework.test.context.web.ServletTestExecutionListener@2fb68ec6, org.springframework.test.context.support.DirtiesContextBeforeModesTestExecutionListener@d71adc2, org.springframework.test.context.event.ApplicationEventsTestExecutionListener@3add81c4, org.springframework.boot.test.mock.mockito.MockitoTestExecutionListener@1a1d3c1a, org.springframework.boot.test.autoconfigure.SpringBootDependencyInjectionTestExecutionListener@1c65121, org.springframework.test.context.support.DirtiesContextTestExecutionListener@159e366, org.springframework.test.context.transaction.TransactionalTestExecutionListener@57dc9128, org.springframework.test.context.jdbc.SqlScriptsTestExecutionListener@24528a25, org.springframework.test.context.event.EventPublishingTestExecutionListener@17ae98d7, org.springframework.boot.test.autoconfigure.restdocs.RestDocsTestExecutionListener@59221b97, org.springframework.boot.test.autoconfigure.web.client.MockRestServiceServerResetTestExecutionListener@6ac4944a, org.springframework.boot.test.autoconfigure.web.servlet.MockMvcPrintOnlyOnFailureTestExecutionListener@5a772895, org.springframework.boot.test.autoconfigure.web.servlet.WebDriverTestExecutionListener@39fc6b2c, org.springframework.boot.test.autoconfigure.webservices.client.MockWebServiceServerTestExecutionListener@704b2127, org.springframework.boot.test.mock.mockito.ResetMocksTestExecutionListener@3ee39da0]
14:00:37.061 [Test worker] DEBUG org.springframework.test.context.support.AbstractDirtiesContextTestExecutionListener - Before test class: context [DefaultTestContext@aa5455e testClass = PostControllerTest, testInstance = [null], testMethod = [null], testException = [null], mergedContextConfiguration = [WebMergedContextConfiguration@282308c3 testClass = PostControllerTest, locations = '{}', classes = '{class com.side.first_side.FirstSideApplication}', contextInitializerClasses = '[]', activeProfiles = '{}', propertySourceLocations = '{}', propertySourceProperties = '{org.springframework.boot.test.context.SpringBootTestContextBootstrapper=true}', contextCustomizers = set[org.springframework.boot.test.autoconfigure.actuate.metrics.MetricsExportContextCustomizerFactory$DisableMetricExportContextCustomizer@36546a22, org.springframework.boot.test.autoconfigure.properties.PropertyMappingContextCustomizer@4b3fa0b3, org.springframework.boot.test.autoconfigure.web.servlet.WebDriverContextCustomizerFactory$Customizer@12dae582, [ImportsContextCustomizer@5dda14d0 key = [org.springframework.boot.test.autoconfigure.web.servlet.MockMvcAutoConfiguration, org.springframework.boot.test.autoconfigure.web.servlet.MockMvcWebClientAutoConfiguration, org.springframework.boot.test.autoconfigure.web.servlet.MockMvcWebDriverAutoConfiguration, org.springframework.boot.autoconfigure.security.oauth2.client.servlet.OAuth2ClientAutoConfiguration, org.springframework.boot.autoconfigure.security.oauth2.resource.servlet.OAuth2ResourceServerAutoConfiguration, org.springframework.boot.autoconfigure.security.servlet.SecurityAutoConfiguration, org.springframework.boot.autoconfigure.security.servlet.SecurityFilterAutoConfiguration, org.springframework.boot.autoconfigure.security.servlet.UserDetailsServiceAutoConfiguration, org.springframework.boot.test.autoconfigure.web.servlet.MockMvcSecurityConfiguration, org.springframework.boot.test.autoconfigure.web.reactive.WebTestClientAutoConfiguration]], org.springframework.boot.test.context.filter.ExcludeFilterContextCustomizer@61bcd567, org.springframework.boot.test.json.DuplicateJsonObjectContextCustomizerFactory$DuplicateJsonObjectContextCustomizer@9ed238c, org.springframework.boot.test.mock.mockito.MockitoContextCustomizer@0, org.springframework.boot.test.web.client.TestRestTemplateContextCustomizer@773cbf4f, org.springframework.boot.test.context.SpringBootTestArgs@1, org.springframework.boot.test.context.SpringBootTestWebEnvironment@4d6025c5], resourceBasePath = 'src/main/webapp', contextLoader = 'org.springframework.boot.test.context.SpringBootContextLoader', parent = [null]], attributes = map['org.springframework.test.context.web.ServletTestExecutionListener.activateListener' -> true]], class annotated with @DirtiesContext [false] with mode [null].

  .   ____          _            __ _ _
 /\\ / ___'_ __ _ _(_)_ __  __ _ \ \ \ \
( ( )\___ | '_ | '_| | '_ \/ _` | \ \ \ \
 \\/  ___)| |_)| | | | | || (_| |  ) ) ) )
  '  |____| .__|_| |_|_| |_\__, | / / / /
 =========|_|==============|___/=/_/_/_/
 :: Spring Boot ::                (v2.7.6)

2022-12-13 14:00:37.521  INFO 2432 --- [    Test worker] c.s.f.c.board.PostControllerTest         : Starting PostControllerTest using Java 15.0.1 on DESKTOP-RASBGPA with PID 2432 (started by inis in C:\sideProejct\first-side)
2022-12-13 14:00:37.523  INFO 2432 --- [    Test worker] c.s.f.c.board.PostControllerTest         : No active profile set, falling back to 1 default profile: "default"
2022-12-13 14:00:38.438  INFO 2432 --- [    Test worker] .s.d.r.c.RepositoryConfigurationDelegate : Bootstrapping Spring Data JPA repositories in DEFAULT mode.
2022-12-13 14:00:38.515  INFO 2432 --- [    Test worker] .s.d.r.c.RepositoryConfigurationDelegate : Finished Spring Data repository scanning in 64 ms. Found 1 JPA repository interfaces.
2022-12-13 14:00:39.125  INFO 2432 --- [    Test worker] com.zaxxer.hikari.HikariDataSource       : HikariPool-1 - Starting...
2022-12-13 14:00:39.418  INFO 2432 --- [    Test worker] com.zaxxer.hikari.HikariDataSource       : HikariPool-1 - Start completed.
2022-12-13 14:00:39.514  INFO 2432 --- [    Test worker] o.hibernate.jpa.internal.util.LogHelper  : HHH000204: Processing PersistenceUnitInfo [name: default]
2022-12-13 14:00:39.590  INFO 2432 --- [    Test worker] org.hibernate.Version                    : HHH000412: Hibernate ORM core version 5.6.14.Final
2022-12-13 14:00:39.857  INFO 2432 --- [    Test worker] o.hibernate.annotations.common.Version   : HCANN000001: Hibernate Commons Annotations {5.1.2.Final}
2022-12-13 14:00:40.058  INFO 2432 --- [    Test worker] org.hibernate.dialect.Dialect            : HHH000400: Using dialect: org.hibernate.dialect.H2Dialect
2022-12-13 14:00:40.786  INFO 2432 --- [    Test worker] o.h.e.t.j.p.i.JtaPlatformInitiator       : HHH000490: Using JtaPlatform implementation: [org.hibernate.engine.transaction.jta.platform.internal.NoJtaPlatform]
2022-12-13 14:00:40.796  INFO 2432 --- [    Test worker] j.LocalContainerEntityManagerFactoryBean : Initialized JPA EntityManagerFactory for persistence unit 'default'
2022-12-13 14:00:41.719  WARN 2432 --- [    Test worker] JpaBaseConfiguration$JpaWebConfiguration : spring.jpa.open-in-view is enabled by default. Therefore, database queries may be performed during view rendering. Explicitly configure spring.jpa.open-in-view to disable this warning
2022-12-13 14:00:42.636  INFO 2432 --- [    Test worker] o.s.b.t.m.w.SpringBootMockServletContext : Initializing Spring TestDispatcherServlet ''
2022-12-13 14:00:42.636  INFO 2432 --- [    Test worker] o.s.t.web.servlet.TestDispatcherServlet  : Initializing Servlet ''
2022-12-13 14:00:42.637  INFO 2432 --- [    Test worker] o.s.t.web.servlet.TestDispatcherServlet  : Completed initialization in 1 ms
2022-12-13 14:00:42.661  INFO 2432 --- [    Test worker] c.s.f.c.board.PostControllerTest         : Started PostControllerTest in 5.554 seconds (JVM running for 7.108)

MockHttpServletRequest:
      HTTP Method = GET
      Request URI = /posts
       Parameters = {page=[1], size=[5]}
          Headers = [Content-Type:"application/json;charset=UTF-8"]
             Body = null
    Session Attrs = {}

Handler:
             Type = com.side.first_side.controller.post.PostController
           Method = com.side.first_side.controller.post.PostController#getList(PostSearch)

Async:
    Async started = false
     Async result = null

Resolved Exception:
             Type = null

ModelAndView:
        View name = null
             View = null
            Model = null

FlashMap:
       Attributes = null

MockHttpServletResponse:
           Status = 200
    Error message = null
          Headers = [Content-Type:"application/json"]
     Content type = application/json
             Body = [{"id":30,"title":"???? 30","content":"???? 30"},{"id":29,"title":"???? 29","content":"???? 29"},{"id":28,"title":"???? 28","content":"???? 28"},{"id":27,"title":"???? 27","content":"???? 27"},{"id":26,"title":"???? 26","content":"???? 26"}]
    Forwarded URL = null
   Redirected URL = null
          Cookies = []
]]></system-out>
  <system-err><![CDATA[]]></system-err>
</testsuite>
